feb. 12, 2020 9:28:44 A. M. com.redhat.quarkus.ls.QuarkusLanguageServer initialize
INFO: Initializing Quarkus server 0.0.4-20191120-1547 with C:\Users\fredd\Documents\Desarrollo\intellij\jbr
feb. 12, 2020 9:36:36 A. M. com.redhat.quarkus.ls.QuarkusLanguageServer initialize
INFO: Initializing Quarkus server 0.0.4-20191120-1547 with C:\Users\fredd\Documents\Desarrollo\intellij\jbr
feb. 12, 2020 9:37:24 A. M. com.redhat.quarkus.ls.QuarkusLanguageServer initialize
INFO: Initializing Quarkus server 0.0.4-20191120-1547 with C:\Users\fredd\Documents\Desarrollo\intellij\jbr
feb. 12, 2020 9:45:31 A. M. com.redhat.quarkus.ls.QuarkusLanguageServer initialize
INFO: Initializing Quarkus server 0.0.4-20191120-1547 with C:\Users\fredd\Documents\Desarrollo\intellij\jbr
feb. 12, 2020 9:51:25 A. M. com.redhat.quarkus.ls.QuarkusLanguageServer initialize
INFO: Initializing Quarkus server 0.0.4-20191120-1547 with C:\Users\fredd\Documents\Desarrollo\intellij\jbr
feb. 12, 2020 10:05:13 A. M. com.redhat.quarkus.ls.QuarkusLanguageServer initialize
INFO: Initializing Quarkus server 0.0.4-20191120-1547 with C:\Users\fredd\Documents\Desarrollo\intellij\jbr
feb. 12, 2020 4:15:07 P. M. com.redhat.quarkus.ls.QuarkusLanguageServer initialize
INFO: Initializing Quarkus server 0.0.4-20191120-1547 with C:\Users\fredd\Documents\Desarrollo\intellij\jbr
feb. 12, 2020 5:15:34 P. M. org.eclipse.lsp4j.jsonrpc.RemoteEndpoint logIssues
WARNING: Issue found in NotificationMessage: Message could not be parsed.
com.google.gson.stream.MalformedJsonException: Use JsonReader.setLenient(true) to accept malformed JSON at line 1 column 876 path $
	at com.google.gson.stream.JsonReader.syntaxError(JsonReader.java:1568)
	at com.google.gson.stream.JsonReader.checkLenient(JsonReader.java:1409)
	at com.google.gson.stream.JsonReader.doPeek(JsonReader.java:542)
	at com.google.gson.stream.JsonReader.peek(JsonReader.java:425)
	at org.eclipse.lsp4j.jsonrpc.json.MessageJsonHandler.parseMessage(MessageJsonHandler.java:124)
	at org.eclipse.lsp4j.jsonrpc.json.MessageJsonHandler.parseMessage(MessageJsonHandler.java:114)
	at org.eclipse.lsp4j.jsonrpc.json.StreamMessageProducer.handleMessage(StreamMessageProducer.java:193)
	at org.eclipse.lsp4j.jsonrpc.json.StreamMessageProducer.listen(StreamMessageProducer.java:94)
	at org.eclipse.lsp4j.jsonrpc.json.ConcurrentMessageProcessor.run(ConcurrentMessageProcessor.java:113)
	at java.base/java.util.concurrent.Executors$RunnableAdapter.call(Executors.java:515)
	at java.base/java.util.concurrent.FutureTask.run(FutureTask.java:264)
	at java.base/java.util.concurrent.ThreadPoolExecutor.runWorker(ThreadPoolExecutor.java:1128)
	at java.base/java.util.concurrent.ThreadPoolExecutor$Worker.run(ThreadPoolExecutor.java:628)
	at java.base/java.lang.Thread.run(Thread.java:834)

feb. 12, 2020 5:15:34 P. M. org.eclipse.lsp4j.jsonrpc.json.StreamMessageProducer fireError
SEVERE: Missing header Content-Length in input "ntent-Length: 226

"
java.lang.IllegalStateException: Missing header Content-Length in input "ntent-Length: 226

"
	at org.eclipse.lsp4j.jsonrpc.json.StreamMessageProducer.listen(StreamMessageProducer.java:91)
	at org.eclipse.lsp4j.jsonrpc.json.ConcurrentMessageProcessor.run(ConcurrentMessageProcessor.java:113)
	at java.base/java.util.concurrent.Executors$RunnableAdapter.call(Executors.java:515)
	at java.base/java.util.concurrent.FutureTask.run(FutureTask.java:264)
	at java.base/java.util.concurrent.ThreadPoolExecutor.runWorker(ThreadPoolExecutor.java:1128)
	at java.base/java.util.concurrent.ThreadPoolExecutor$Worker.run(ThreadPoolExecutor.java:628)
	at java.base/java.lang.Thread.run(Thread.java:834)

feb. 12, 2020 5:15:34 P. M. org.eclipse.lsp4j.jsonrpc.json.StreamMessageProducer fireError
SEVERE: Missing header Content-Length in input "{"jsonrpc":"2.0","method":"textDocument/willSave","params":{"textDocument":{"uri":"file:///C:/Users/fredd/Documents/projects/workspace-proyectos/workflow/workflow-spring/src/main/resources/application.properties"},"reason":1}}Content-Length: 226

"
java.lang.IllegalStateException: Missing header Content-Length in input "{"jsonrpc":"2.0","method":"textDocument/willSave","params":{"textDocument":{"uri":"file:///C:/Users/fredd/Documents/projects/workspace-proyectos/workflow/workflow-spring/src/main/resources/application.properties"},"reason":1}}Content-Length: 226

"
	at org.eclipse.lsp4j.jsonrpc.json.StreamMessageProducer.listen(StreamMessageProducer.java:91)
	at org.eclipse.lsp4j.jsonrpc.json.ConcurrentMessageProcessor.run(ConcurrentMessageProcessor.java:113)
	at java.base/java.util.concurrent.Executors$RunnableAdapter.call(Executors.java:515)
	at java.base/java.util.concurrent.FutureTask.run(FutureTask.java:264)
	at java.base/java.util.concurrent.ThreadPoolExecutor.runWorker(ThreadPoolExecutor.java:1128)
	at java.base/java.util.concurrent.ThreadPoolExecutor$Worker.run(ThreadPoolExecutor.java:628)
	at java.base/java.lang.Thread.run(Thread.java:834)

feb. 12, 2020 5:15:34 P. M. org.eclipse.lsp4j.jsonrpc.json.StreamMessageProducer fireError
SEVERE: Missing header Content-Length in input "{"jsonrpc":"2.0","method":"textDocument/willSave","params":{"textDocument":{"uri":"file:///C:/Users/fredd/Documents/projects/workspace-proyectos/workflow/workflow-spring/src/main/resources/application.properties"},"reason":1}}Content-Length: 2579

"
java.lang.IllegalStateException: Missing header Content-Length in input "{"jsonrpc":"2.0","method":"textDocument/willSave","params":{"textDocument":{"uri":"file:///C:/Users/fredd/Documents/projects/workspace-proyectos/workflow/workflow-spring/src/main/resources/application.properties"},"reason":1}}Content-Length: 2579

"
	at org.eclipse.lsp4j.jsonrpc.json.StreamMessageProducer.listen(StreamMessageProducer.java:91)
	at org.eclipse.lsp4j.jsonrpc.json.ConcurrentMessageProcessor.run(ConcurrentMessageProcessor.java:113)
	at java.base/java.util.concurrent.Executors$RunnableAdapter.call(Executors.java:515)
	at java.base/java.util.concurrent.FutureTask.run(FutureTask.java:264)
	at java.base/java.util.concurrent.ThreadPoolExecutor.runWorker(ThreadPoolExecutor.java:1128)
	at java.base/java.util.concurrent.ThreadPoolExecutor$Worker.run(ThreadPoolExecutor.java:628)
	at java.base/java.lang.Thread.run(Thread.java:834)

feb. 12, 2020 5:15:50 P. M. org.eclipse.lsp4j.jsonrpc.json.StreamMessageProducer fireError
SEVERE: Missing header Content-Length in input "{"jsonrpc":"2.0","method":"textDocument/didSave","params":{"textDocument":{"uri":"file:///C:/Users/fredd/Documents/projects/workspace-proyectos/workflow/workflow-spring/src/main/resources/application.properties"},"text":"logging.level.org.springframework\u003dINFO\n\nserver.port\u003d${PORT:8080}\n\nspring.datasource.driverClassName\u003dorg.postgresql.Driver\nspring.datasource.url\u003d${JDBC_DATABASE_URL:jdbc:postgresql://localhost:5432/crm}\nspring.datasource.username\u003d${JDBC_DATABASE_URL:postgres}\nspring.datasource.password\u003d${JDBC_DATABASE_PASSWORD:postgres}\n\n# Sources:\n# https://github.com/brettwooldridge/HikariCP\n# https://www.concretepage.com/spring-boot/spring-boot-hikaricp\n# connection-timeout is the maximum number of milliseconds\n# that a client will wait for a connection from connection pool. Current value: 20 Seconds.\nspring.datasource.connection-timeout\u003d20000\n# minimum-idle is the minimum number of idle connections that is maintained by HikariCP in connection pool.\nspring.datasource.minimum-idle\u003d2\n# maximum-pool-size configures the maximum pool size.\nspring.datasource.maximum-pool-size\u003d100\n# idle-timeout is the maximum amount of time in milliseconds\n# that a connection is allowed to sit idle in connection pool. Current value: 5 Minutes.\nspring.datasource.idle-timeout\u003d300000\n# max-lifetime is the maximum life time in milliseconds of a connection in pool after it is closed.\n# Current value: 20 Minutes.\nspring.datasource.max-lifetime\u003d1200000\nspring.datasource.test-on-borrow\u003dtrue\nspring.datasource.validation-query\u003dSELECT 1\n\nspring.servlet.multipart.max-file-size\u003d1024KB\nspring.servlet.multipart.max-request-size\u003d1024KB\n\n#free tier heroku postgres limits\nspring.datasource.max-active\u003d10\nspring.datasource.max-idle\u003d5\nspring.datasource.initial-size\u003d5\nspring.datasource.remove-abandoned\u003dtrue\n\nspring.jackson.default-property-inclusion\u003dnon_null\njwt.secret\u003dmdwpass\njwt.get.token.uri\u003d/authenticate\n\n\nspring.mail.host \u003d smtp.gmail.com\nspring.mail.username \u003d **********@gmail.com\nspring.mail.password \u003d ********\n\n#Below Properties are needed for maintaining the session.\n#Two Step verification should not be enabled for gmail.\n\nspring.mail.properties.mail.smtp.auth \u003d true\nspring.mail.properties.mail.smtp.socketFactory.port \u003d 465\nspring.mail.properties.mail.smtp.socketFactory.class \u003d javax.net.ssl.SSLSocketFactory\nspring.mail.properties.mail.smtp.socketFactory.fallback \u003d false"}}Content-Length: 226

"
java.lang.IllegalStateException: Missing header Content-Length in input "{"jsonrpc":"2.0","method":"textDocument/didSave","params":{"textDocument":{"uri":"file:///C:/Users/fredd/Documents/projects/workspace-proyectos/workflow/workflow-spring/src/main/resources/application.properties"},"text":"logging.level.org.springframework\u003dINFO\n\nserver.port\u003d${PORT:8080}\n\nspring.datasource.driverClassName\u003dorg.postgresql.Driver\nspring.datasource.url\u003d${JDBC_DATABASE_URL:jdbc:postgresql://localhost:5432/crm}\nspring.datasource.username\u003d${JDBC_DATABASE_URL:postgres}\nspring.datasource.password\u003d${JDBC_DATABASE_PASSWORD:postgres}\n\n# Sources:\n# https://github.com/brettwooldridge/HikariCP\n# https://www.concretepage.com/spring-boot/spring-boot-hikaricp\n# connection-timeout is the maximum number of milliseconds\n# that a client will wait for a connection from connection pool. Current value: 20 Seconds.\nspring.datasource.connection-timeout\u003d20000\n# minimum-idle is the minimum number of idle connections that is maintained by HikariCP in connection pool.\nspring.datasource.minimum-idle\u003d2\n# maximum-pool-size configures the maximum pool size.\nspring.datasource.maximum-pool-size\u003d100\n# idle-timeout is the maximum amount of time in milliseconds\n# that a connection is allowed to sit idle in connection pool. Current value: 5 Minutes.\nspring.datasource.idle-timeout\u003d300000\n# max-lifetime is the maximum life time in milliseconds of a connection in pool after it is closed.\n# Current value: 20 Minutes.\nspring.datasource.max-lifetime\u003d1200000\nspring.datasource.test-on-borrow\u003dtrue\nspring.datasource.validation-query\u003dSELECT 1\n\nspring.servlet.multipart.max-file-size\u003d1024KB\nspring.servlet.multipart.max-request-size\u003d1024KB\n\n#free tier heroku postgres limits\nspring.datasource.max-active\u003d10\nspring.datasource.max-idle\u003d5\nspring.datasource.initial-size\u003d5\nspring.datasource.remove-abandoned\u003dtrue\n\nspring.jackson.default-property-inclusion\u003dnon_null\njwt.secret\u003dmdwpass\njwt.get.token.uri\u003d/authenticate\n\n\nspring.mail.host \u003d smtp.gmail.com\nspring.mail.username \u003d **********@gmail.com\nspring.mail.password \u003d ********\n\n#Below Properties are needed for maintaining the session.\n#Two Step verification should not be enabled for gmail.\n\nspring.mail.properties.mail.smtp.auth \u003d true\nspring.mail.properties.mail.smtp.socketFactory.port \u003d 465\nspring.mail.properties.mail.smtp.socketFactory.class \u003d javax.net.ssl.SSLSocketFactory\nspring.mail.properties.mail.smtp.socketFactory.fallback \u003d false"}}Content-Length: 226

"
	at org.eclipse.lsp4j.jsonrpc.json.StreamMessageProducer.listen(StreamMessageProducer.java:91)
	at org.eclipse.lsp4j.jsonrpc.json.ConcurrentMessageProcessor.run(ConcurrentMessageProcessor.java:113)
	at java.base/java.util.concurrent.Executors$RunnableAdapter.call(Executors.java:515)
	at java.base/java.util.concurrent.FutureTask.run(FutureTask.java:264)
	at java.base/java.util.concurrent.ThreadPoolExecutor.runWorker(ThreadPoolExecutor.java:1128)
	at java.base/java.util.concurrent.ThreadPoolExecutor$Worker.run(ThreadPoolExecutor.java:628)
	at java.base/java.lang.Thread.run(Thread.java:834)

feb. 12, 2020 5:33:04 P. M. org.eclipse.lsp4j.jsonrpc.json.StreamMessageProducer fireError
SEVERE: Missing header Content-Length in input "{"jsonrpc":"2.0","method":"textDocument/willSave","params":{"textDocument":{"uri":"file:///C:/Users/fredd/Documents/projects/workspace-proyectos/workflow/workflow-spring/src/main/resources/application.properties"},"reason":1}}Content-Length: 205

"
java.lang.IllegalStateException: Missing header Content-Length in input "{"jsonrpc":"2.0","method":"textDocument/willSave","params":{"textDocument":{"uri":"file:///C:/Users/fredd/Documents/projects/workspace-proyectos/workflow/workflow-spring/src/main/resources/application.properties"},"reason":1}}Content-Length: 205

"
	at org.eclipse.lsp4j.jsonrpc.json.StreamMessageProducer.listen(StreamMessageProducer.java:91)
	at org.eclipse.lsp4j.jsonrpc.json.ConcurrentMessageProcessor.run(ConcurrentMessageProcessor.java:113)
	at java.base/java.util.concurrent.Executors$RunnableAdapter.call(Executors.java:515)
	at java.base/java.util.concurrent.FutureTask.run(FutureTask.java:264)
	at java.base/java.util.concurrent.ThreadPoolExecutor.runWorker(ThreadPoolExecutor.java:1128)
	at java.base/java.util.concurrent.ThreadPoolExecutor$Worker.run(ThreadPoolExecutor.java:628)
	at java.base/java.lang.Thread.run(Thread.java:834)

feb. 12, 2020 5:33:11 P. M. org.eclipse.lsp4j.jsonrpc.json.StreamMessageProducer fireError
SEVERE: Missing header Content-Length in input "{"jsonrpc":"2.0","method":"workspace/didChangeWatchedFiles","params":{"changes":[{"uri":"file:///C:/Users/fredd/Documents/projects/workspace-proyectos/workflow/lsp/properties_err_20200212.log","type":2}]}}Content-Length: 226

"
java.lang.IllegalStateException: Missing header Content-Length in input "{"jsonrpc":"2.0","method":"workspace/didChangeWatchedFiles","params":{"changes":[{"uri":"file:///C:/Users/fredd/Documents/projects/workspace-proyectos/workflow/lsp/properties_err_20200212.log","type":2}]}}Content-Length: 226

"
	at org.eclipse.lsp4j.jsonrpc.json.StreamMessageProducer.listen(StreamMessageProducer.java:91)
	at org.eclipse.lsp4j.jsonrpc.json.ConcurrentMessageProcessor.run(ConcurrentMessageProcessor.java:113)
	at java.base/java.util.concurrent.Executors$RunnableAdapter.call(Executors.java:515)
	at java.base/java.util.concurrent.FutureTask.run(FutureTask.java:264)
	at java.base/java.util.concurrent.ThreadPoolExecutor.runWorker(ThreadPoolExecutor.java:1128)
	at java.base/java.util.concurrent.ThreadPoolExecutor$Worker.run(ThreadPoolExecutor.java:628)
	at java.base/java.lang.Thread.run(Thread.java:834)

feb. 12, 2020 5:33:11 P. M. org.eclipse.lsp4j.jsonrpc.json.StreamMessageProducer fireError
SEVERE: Missing header Content-Length in input "{"jsonrpc":"2.0","method":"textDocument/willSave","params":{"textDocument":{"uri":"file:///C:/Users/fredd/Documents/projects/workspace-proyectos/workflow/workflow-spring/src/main/resources/application.properties"},"reason":1}}Content-Length: 251

"
java.lang.IllegalStateException: Missing header Content-Length in input "{"jsonrpc":"2.0","method":"textDocument/willSave","params":{"textDocument":{"uri":"file:///C:/Users/fredd/Documents/projects/workspace-proyectos/workflow/workflow-spring/src/main/resources/application.properties"},"reason":1}}Content-Length: 251

"
	at org.eclipse.lsp4j.jsonrpc.json.StreamMessageProducer.listen(StreamMessageProducer.java:91)
	at org.eclipse.lsp4j.jsonrpc.json.ConcurrentMessageProcessor.run(ConcurrentMessageProcessor.java:113)
	at java.base/java.util.concurrent.Executors$RunnableAdapter.call(Executors.java:515)
	at java.base/java.util.concurrent.FutureTask.run(FutureTask.java:264)
	at java.base/java.util.concurrent.ThreadPoolExecutor.runWorker(ThreadPoolExecutor.java:1128)
	at java.base/java.util.concurrent.ThreadPoolExecutor$Worker.run(ThreadPoolExecutor.java:628)
	at java.base/java.lang.Thread.run(Thread.java:834)

feb. 12, 2020 5:33:11 P. M. org.eclipse.lsp4j.jsonrpc.json.StreamMessageProducer fireError
SEVERE: Missing header Content-Length in input "{"jsonrpc":"2.0","method":"workspace/didChangeWatchedFiles","params":{"changes":[{"uri":"file:///C:/Users/fredd/Documents/projects/workspace-proyectos/workflow/workflow-core/src/main/java/com/mindware/workflow/core/entity/email/Mail.java","type":2}]}}Content-Length: 193

"
java.lang.IllegalStateException: Missing header Content-Length in input "{"jsonrpc":"2.0","method":"workspace/didChangeWatchedFiles","params":{"changes":[{"uri":"file:///C:/Users/fredd/Documents/projects/workspace-proyectos/workflow/workflow-core/src/main/java/com/mindware/workflow/core/entity/email/Mail.java","type":2}]}}Content-Length: 193

"
	at org.eclipse.lsp4j.jsonrpc.json.StreamMessageProducer.listen(StreamMessageProducer.java:91)
	at org.eclipse.lsp4j.jsonrpc.json.ConcurrentMessageProcessor.run(ConcurrentMessageProcessor.java:113)
	at java.base/java.util.concurrent.Executors$RunnableAdapter.call(Executors.java:515)
	at java.base/java.util.concurrent.FutureTask.run(FutureTask.java:264)
	at java.base/java.util.concurrent.ThreadPoolExecutor.runWorker(ThreadPoolExecutor.java:1128)
	at java.base/java.util.concurrent.ThreadPoolExecutor$Worker.run(ThreadPoolExecutor.java:628)
	at java.base/java.lang.Thread.run(Thread.java:834)

feb. 12, 2020 5:33:24 P. M. org.eclipse.lsp4j.jsonrpc.json.StreamMessageProducer fireError
SEVERE: Missing header Content-Length in input "{"jsonrpc":"2.0","method":"workspace/didChangeWatchedFiles","params":{"changes":[{"uri":"file:///C:/Users/fredd/Documents/projects/workspace-proyectos/workflow/.idea/workspace.xml","type":2}]}}Content-Length: 205

"
java.lang.IllegalStateException: Missing header Content-Length in input "{"jsonrpc":"2.0","method":"workspace/didChangeWatchedFiles","params":{"changes":[{"uri":"file:///C:/Users/fredd/Documents/projects/workspace-proyectos/workflow/.idea/workspace.xml","type":2}]}}Content-Length: 205

"
	at org.eclipse.lsp4j.jsonrpc.json.StreamMessageProducer.listen(StreamMessageProducer.java:91)
	at org.eclipse.lsp4j.jsonrpc.json.ConcurrentMessageProcessor.run(ConcurrentMessageProcessor.java:113)
	at java.base/java.util.concurrent.Executors$RunnableAdapter.call(Executors.java:515)
	at java.base/java.util.concurrent.FutureTask.run(FutureTask.java:264)
	at java.base/java.util.concurrent.ThreadPoolExecutor.runWorker(ThreadPoolExecutor.java:1128)
	at java.base/java.util.concurrent.ThreadPoolExecutor$Worker.run(ThreadPoolExecutor.java:628)
	at java.base/java.lang.Thread.run(Thread.java:834)

feb. 12, 2020 5:33:57 P. M. org.eclipse.lsp4j.jsonrpc.json.StreamMessageProducer fireError
SEVERE: Missing header Content-Length in input "{"jsonrpc":"2.0","method":"workspace/didChangeWatchedFiles","params":{"changes":[{"uri":"file:///C:/Users/fredd/Documents/projects/workspace-proyectos/workflow/lsp/properties_err_20200212.log","type":2}]}}Content-Length: 226

"
java.lang.IllegalStateException: Missing header Content-Length in input "{"jsonrpc":"2.0","method":"workspace/didChangeWatchedFiles","params":{"changes":[{"uri":"file:///C:/Users/fredd/Documents/projects/workspace-proyectos/workflow/lsp/properties_err_20200212.log","type":2}]}}Content-Length: 226

"
	at org.eclipse.lsp4j.jsonrpc.json.StreamMessageProducer.listen(StreamMessageProducer.java:91)
	at org.eclipse.lsp4j.jsonrpc.json.ConcurrentMessageProcessor.run(ConcurrentMessageProcessor.java:113)
	at java.base/java.util.concurrent.Executors$RunnableAdapter.call(Executors.java:515)
	at java.base/java.util.concurrent.FutureTask.run(FutureTask.java:264)
	at java.base/java.util.concurrent.ThreadPoolExecutor.runWorker(ThreadPoolExecutor.java:1128)
	at java.base/java.util.concurrent.ThreadPoolExecutor$Worker.run(ThreadPoolExecutor.java:628)
	at java.base/java.lang.Thread.run(Thread.java:834)

feb. 12, 2020 5:35:43 P. M. org.eclipse.lsp4j.jsonrpc.json.StreamMessageProducer fireError
SEVERE: Missing header Content-Length in input "{"jsonrpc":"2.0","method":"textDocument/willSave","params":{"textDocument":{"uri":"file:///C:/Users/fredd/Documents/projects/workspace-proyectos/workflow/workflow-spring/src/main/resources/application.properties"},"reason":1}}Content-Length: 205

"
java.lang.IllegalStateException: Missing header Content-Length in input "{"jsonrpc":"2.0","method":"textDocument/willSave","params":{"textDocument":{"uri":"file:///C:/Users/fredd/Documents/projects/workspace-proyectos/workflow/workflow-spring/src/main/resources/application.properties"},"reason":1}}Content-Length: 205

"
	at org.eclipse.lsp4j.jsonrpc.json.StreamMessageProducer.listen(StreamMessageProducer.java:91)
	at org.eclipse.lsp4j.jsonrpc.json.ConcurrentMessageProcessor.run(ConcurrentMessageProcessor.java:113)
	at java.base/java.util.concurrent.Executors$RunnableAdapter.call(Executors.java:515)
	at java.base/java.util.concurrent.FutureTask.run(FutureTask.java:264)
	at java.base/java.util.concurrent.ThreadPoolExecutor.runWorker(ThreadPoolExecutor.java:1128)
	at java.base/java.util.concurrent.ThreadPoolExecutor$Worker.run(ThreadPoolExecutor.java:628)
	at java.base/java.lang.Thread.run(Thread.java:834)

feb. 12, 2020 5:44:11 P. M. org.eclipse.lsp4j.jsonrpc.json.StreamMessageProducer fireError
SEVERE: Missing header Content-Length in input "{"jsonrpc":"2.0","method":"workspace/didChangeWatchedFiles","params":{"changes":[{"uri":"file:///C:/Users/fredd/Documents/projects/workspace-proyectos/workflow/lsp/properties_err_20200212.log","type":2}]}}Content-Length: 226

"
java.lang.IllegalStateException: Missing header Content-Length in input "{"jsonrpc":"2.0","method":"workspace/didChangeWatchedFiles","params":{"changes":[{"uri":"file:///C:/Users/fredd/Documents/projects/workspace-proyectos/workflow/lsp/properties_err_20200212.log","type":2}]}}Content-Length: 226

"
	at org.eclipse.lsp4j.jsonrpc.json.StreamMessageProducer.listen(StreamMessageProducer.java:91)
	at org.eclipse.lsp4j.jsonrpc.json.ConcurrentMessageProcessor.run(ConcurrentMessageProcessor.java:113)
	at java.base/java.util.concurrent.Executors$RunnableAdapter.call(Executors.java:515)
	at java.base/java.util.concurrent.FutureTask.run(FutureTask.java:264)
	at java.base/java.util.concurrent.ThreadPoolExecutor.runWorker(ThreadPoolExecutor.java:1128)
	at java.base/java.util.concurrent.ThreadPoolExecutor$Worker.run(ThreadPoolExecutor.java:628)
	at java.base/java.lang.Thread.run(Thread.java:834)

feb. 12, 2020 5:44:11 P. M. org.eclipse.lsp4j.jsonrpc.json.StreamMessageProducer fireError
SEVERE: Missing header Content-Length in input "{"jsonrpc":"2.0","method":"textDocument/willSave","params":{"textDocument":{"uri":"file:///C:/Users/fredd/Documents/projects/workspace-proyectos/workflow/workflow-spring/src/main/resources/application.properties"},"reason":1}}Content-Length: 251

"
java.lang.IllegalStateException: Missing header Content-Length in input "{"jsonrpc":"2.0","method":"textDocument/willSave","params":{"textDocument":{"uri":"file:///C:/Users/fredd/Documents/projects/workspace-proyectos/workflow/workflow-spring/src/main/resources/application.properties"},"reason":1}}Content-Length: 251

"
	at org.eclipse.lsp4j.jsonrpc.json.StreamMessageProducer.listen(StreamMessageProducer.java:91)
	at org.eclipse.lsp4j.jsonrpc.json.ConcurrentMessageProcessor.run(ConcurrentMessageProcessor.java:113)
	at java.base/java.util.concurrent.Executors$RunnableAdapter.call(Executors.java:515)
	at java.base/java.util.concurrent.FutureTask.run(FutureTask.java:264)
	at java.base/java.util.concurrent.ThreadPoolExecutor.runWorker(ThreadPoolExecutor.java:1128)
	at java.base/java.util.concurrent.ThreadPoolExecutor$Worker.run(ThreadPoolExecutor.java:628)
	at java.base/java.lang.Thread.run(Thread.java:834)

feb. 12, 2020 5:44:12 P. M. org.eclipse.lsp4j.jsonrpc.json.StreamMessageProducer fireError
SEVERE: Missing header Content-Length in input "{"jsonrpc":"2.0","method":"workspace/didChangeWatchedFiles","params":{"changes":[{"uri":"file:///C:/Users/fredd/Documents/projects/workspace-proyectos/workflow/workflow-core/src/main/java/com/mindware/workflow/core/entity/email/Mail.java","type":2}]}}Content-Length: 193

"
java.lang.IllegalStateException: Missing header Content-Length in input "{"jsonrpc":"2.0","method":"workspace/didChangeWatchedFiles","params":{"changes":[{"uri":"file:///C:/Users/fredd/Documents/projects/workspace-proyectos/workflow/workflow-core/src/main/java/com/mindware/workflow/core/entity/email/Mail.java","type":2}]}}Content-Length: 193

"
	at org.eclipse.lsp4j.jsonrpc.json.StreamMessageProducer.listen(StreamMessageProducer.java:91)
	at org.eclipse.lsp4j.jsonrpc.json.ConcurrentMessageProcessor.run(ConcurrentMessageProcessor.java:113)
	at java.base/java.util.concurrent.Executors$RunnableAdapter.call(Executors.java:515)
	at java.base/java.util.concurrent.FutureTask.run(FutureTask.java:264)
	at java.base/java.util.concurrent.ThreadPoolExecutor.runWorker(ThreadPoolExecutor.java:1128)
	at java.base/java.util.concurrent.ThreadPoolExecutor$Worker.run(ThreadPoolExecutor.java:628)
	at java.base/java.lang.Thread.run(Thread.java:834)

feb. 12, 2020 5:49:43 P. M. org.eclipse.lsp4j.jsonrpc.json.StreamMessageProducer fireError
SEVERE: Missing header Content-Length in input "{"jsonrpc":"2.0","method":"workspace/didChangeWatchedFiles","params":{"changes":[{"uri":"file:///C:/Users/fredd/Documents/projects/workspace-proyectos/workflow/.idea/workspace.xml","type":2}]}}Content-Length: 205

"
java.lang.IllegalStateException: Missing header Content-Length in input "{"jsonrpc":"2.0","method":"workspace/didChangeWatchedFiles","params":{"changes":[{"uri":"file:///C:/Users/fredd/Documents/projects/workspace-proyectos/workflow/.idea/workspace.xml","type":2}]}}Content-Length: 205

"
	at org.eclipse.lsp4j.jsonrpc.json.StreamMessageProducer.listen(StreamMessageProducer.java:91)
	at org.eclipse.lsp4j.jsonrpc.json.ConcurrentMessageProcessor.run(ConcurrentMessageProcessor.java:113)
	at java.base/java.util.concurrent.Executors$RunnableAdapter.call(Executors.java:515)
	at java.base/java.util.concurrent.FutureTask.run(FutureTask.java:264)
	at java.base/java.util.concurrent.ThreadPoolExecutor.runWorker(ThreadPoolExecutor.java:1128)
	at java.base/java.util.concurrent.ThreadPoolExecutor$Worker.run(ThreadPoolExecutor.java:628)
	at java.base/java.lang.Thread.run(Thread.java:834)

feb. 12, 2020 5:50:00 P. M. org.eclipse.lsp4j.jsonrpc.json.StreamMessageProducer fireError
SEVERE: Missing header Content-Length in input "{"jsonrpc":"2.0","method":"workspace/didChangeWatchedFiles","params":{"changes":[{"uri":"file:///C:/Users/fredd/Documents/projects/workspace-proyectos/workflow/lsp/properties_err_20200212.log","type":2}]}}Content-Length: 226

"
java.lang.IllegalStateException: Missing header Content-Length in input "{"jsonrpc":"2.0","method":"workspace/didChangeWatchedFiles","params":{"changes":[{"uri":"file:///C:/Users/fredd/Documents/projects/workspace-proyectos/workflow/lsp/properties_err_20200212.log","type":2}]}}Content-Length: 226

"
	at org.eclipse.lsp4j.jsonrpc.json.StreamMessageProducer.listen(StreamMessageProducer.java:91)
	at org.eclipse.lsp4j.jsonrpc.json.ConcurrentMessageProcessor.run(ConcurrentMessageProcessor.java:113)
	at java.base/java.util.concurrent.Executors$RunnableAdapter.call(Executors.java:515)
	at java.base/java.util.concurrent.FutureTask.run(FutureTask.java:264)
	at java.base/java.util.concurrent.ThreadPoolExecutor.runWorker(ThreadPoolExecutor.java:1128)
	at java.base/java.util.concurrent.ThreadPoolExecutor$Worker.run(ThreadPoolExecutor.java:628)
	at java.base/java.lang.Thread.run(Thread.java:834)

feb. 12, 2020 5:50:00 P. M. org.eclipse.lsp4j.jsonrpc.json.StreamMessageProducer fireError
SEVERE: Missing header Content-Length in input "{"jsonrpc":"2.0","method":"textDocument/willSave","params":{"textDocument":{"uri":"file:///C:/Users/fredd/Documents/projects/workspace-proyectos/workflow/workflow-spring/src/main/resources/application.properties"},"reason":1}}Content-Length: 193

"
java.lang.IllegalStateException: Missing header Content-Length in input "{"jsonrpc":"2.0","method":"textDocument/willSave","params":{"textDocument":{"uri":"file:///C:/Users/fredd/Documents/projects/workspace-proyectos/workflow/workflow-spring/src/main/resources/application.properties"},"reason":1}}Content-Length: 193

"
	at org.eclipse.lsp4j.jsonrpc.json.StreamMessageProducer.listen(StreamMessageProducer.java:91)
	at org.eclipse.lsp4j.jsonrpc.json.ConcurrentMessageProcessor.run(ConcurrentMessageProcessor.java:113)
	at java.base/java.util.concurrent.Executors$RunnableAdapter.call(Executors.java:515)
	at java.base/java.util.concurrent.FutureTask.run(FutureTask.java:264)
	at java.base/java.util.concurrent.ThreadPoolExecutor.runWorker(ThreadPoolExecutor.java:1128)
	at java.base/java.util.concurrent.ThreadPoolExecutor$Worker.run(ThreadPoolExecutor.java:628)
	at java.base/java.lang.Thread.run(Thread.java:834)

feb. 12, 2020 5:58:17 P. M. org.eclipse.lsp4j.jsonrpc.json.StreamMessageProducer fireError
SEVERE: Missing header Content-Length in input "{"jsonrpc":"2.0","method":"workspace/didChangeWatchedFiles","params":{"changes":[{"uri":"file:///C:/Users/fredd/Documents/projects/workspace-proyectos/workflow/.idea/workspace.xml","type":2}]}}Content-Length: 205

"
java.lang.IllegalStateException: Missing header Content-Length in input "{"jsonrpc":"2.0","method":"workspace/didChangeWatchedFiles","params":{"changes":[{"uri":"file:///C:/Users/fredd/Documents/projects/workspace-proyectos/workflow/.idea/workspace.xml","type":2}]}}Content-Length: 205

"
	at org.eclipse.lsp4j.jsonrpc.json.StreamMessageProducer.listen(StreamMessageProducer.java:91)
	at org.eclipse.lsp4j.jsonrpc.json.ConcurrentMessageProcessor.run(ConcurrentMessageProcessor.java:113)
	at java.base/java.util.concurrent.Executors$RunnableAdapter.call(Executors.java:515)
	at java.base/java.util.concurrent.FutureTask.run(FutureTask.java:264)
	at java.base/java.util.concurrent.ThreadPoolExecutor.runWorker(ThreadPoolExecutor.java:1128)
	at java.base/java.util.concurrent.ThreadPoolExecutor$Worker.run(ThreadPoolExecutor.java:628)
	at java.base/java.lang.Thread.run(Thread.java:834)

feb. 12, 2020 5:58:53 P. M. org.eclipse.lsp4j.jsonrpc.json.StreamMessageProducer fireError
SEVERE: Missing header Content-Length in input "{"jsonrpc":"2.0","method":"workspace/didChangeWatchedFiles","params":{"changes":[{"uri":"file:///C:/Users/fredd/Documents/projects/workspace-proyectos/workflow/lsp/properties_err_20200212.log","type":2}]}}Content-Length: 226

"
java.lang.IllegalStateException: Missing header Content-Length in input "{"jsonrpc":"2.0","method":"workspace/didChangeWatchedFiles","params":{"changes":[{"uri":"file:///C:/Users/fredd/Documents/projects/workspace-proyectos/workflow/lsp/properties_err_20200212.log","type":2}]}}Content-Length: 226

"
	at org.eclipse.lsp4j.jsonrpc.json.StreamMessageProducer.listen(StreamMessageProducer.java:91)
	at org.eclipse.lsp4j.jsonrpc.json.ConcurrentMessageProcessor.run(ConcurrentMessageProcessor.java:113)
	at java.base/java.util.concurrent.Executors$RunnableAdapter.call(Executors.java:515)
	at java.base/java.util.concurrent.FutureTask.run(FutureTask.java:264)
	at java.base/java.util.concurrent.ThreadPoolExecutor.runWorker(ThreadPoolExecutor.java:1128)
	at java.base/java.util.concurrent.ThreadPoolExecutor$Worker.run(ThreadPoolExecutor.java:628)
	at java.base/java.lang.Thread.run(Thread.java:834)

feb. 12, 2020 5:58:54 P. M. org.eclipse.lsp4j.jsonrpc.json.StreamMessageProducer fireError
SEVERE: Missing header Content-Length in input "{"jsonrpc":"2.0","method":"textDocument/willSave","params":{"textDocument":{"uri":"file:///C:/Users/fredd/Documents/projects/workspace-proyectos/workflow/workflow-spring/src/main/resources/application.properties"},"reason":1}}Content-Length: 193

"
java.lang.IllegalStateException: Missing header Content-Length in input "{"jsonrpc":"2.0","method":"textDocument/willSave","params":{"textDocument":{"uri":"file:///C:/Users/fredd/Documents/projects/workspace-proyectos/workflow/workflow-spring/src/main/resources/application.properties"},"reason":1}}Content-Length: 193

"
	at org.eclipse.lsp4j.jsonrpc.json.StreamMessageProducer.listen(StreamMessageProducer.java:91)
	at org.eclipse.lsp4j.jsonrpc.json.ConcurrentMessageProcessor.run(ConcurrentMessageProcessor.java:113)
	at java.base/java.util.concurrent.Executors$RunnableAdapter.call(Executors.java:515)
	at java.base/java.util.concurrent.FutureTask.run(FutureTask.java:264)
	at java.base/java.util.concurrent.ThreadPoolExecutor.runWorker(ThreadPoolExecutor.java:1128)
	at java.base/java.util.concurrent.ThreadPoolExecutor$Worker.run(ThreadPoolExecutor.java:628)
	at java.base/java.lang.Thread.run(Thread.java:834)

feb. 12, 2020 6:17:39 P. M. org.eclipse.lsp4j.jsonrpc.json.StreamMessageProducer fireError
SEVERE: Missing header Content-Length in input "{"jsonrpc":"2.0","method":"workspace/didChangeWatchedFiles","params":{"changes":[{"uri":"file:///C:/Users/fredd/Documents/projects/workspace-proyectos/workflow/.idea/workspace.xml","type":2}]}}Content-Length: 205

"
java.lang.IllegalStateException: Missing header Content-Length in input "{"jsonrpc":"2.0","method":"workspace/didChangeWatchedFiles","params":{"changes":[{"uri":"file:///C:/Users/fredd/Documents/projects/workspace-proyectos/workflow/.idea/workspace.xml","type":2}]}}Content-Length: 205

"
	at org.eclipse.lsp4j.jsonrpc.json.StreamMessageProducer.listen(StreamMessageProducer.java:91)
	at org.eclipse.lsp4j.jsonrpc.json.ConcurrentMessageProcessor.run(ConcurrentMessageProcessor.java:113)
	at java.base/java.util.concurrent.Executors$RunnableAdapter.call(Executors.java:515)
	at java.base/java.util.concurrent.FutureTask.run(FutureTask.java:264)
	at java.base/java.util.concurrent.ThreadPoolExecutor.runWorker(ThreadPoolExecutor.java:1128)
	at java.base/java.util.concurrent.ThreadPoolExecutor$Worker.run(ThreadPoolExecutor.java:628)
	at java.base/java.lang.Thread.run(Thread.java:834)

feb. 12, 2020 6:17:59 P. M. org.eclipse.lsp4j.jsonrpc.json.StreamMessageProducer fireError
SEVERE: Missing header Content-Length in input "{"jsonrpc":"2.0","method":"workspace/didChangeWatchedFiles","params":{"changes":[{"uri":"file:///C:/Users/fredd/Documents/projects/workspace-proyectos/workflow/lsp/properties_err_20200212.log","type":2}]}}Content-Length: 226

"
java.lang.IllegalStateException: Missing header Content-Length in input "{"jsonrpc":"2.0","method":"workspace/didChangeWatchedFiles","params":{"changes":[{"uri":"file:///C:/Users/fredd/Documents/projects/workspace-proyectos/workflow/lsp/properties_err_20200212.log","type":2}]}}Content-Length: 226

"
	at org.eclipse.lsp4j.jsonrpc.json.StreamMessageProducer.listen(StreamMessageProducer.java:91)
	at org.eclipse.lsp4j.jsonrpc.json.ConcurrentMessageProcessor.run(ConcurrentMessageProcessor.java:113)
	at java.base/java.util.concurrent.Executors$RunnableAdapter.call(Executors.java:515)
	at java.base/java.util.concurrent.FutureTask.run(FutureTask.java:264)
	at java.base/java.util.concurrent.ThreadPoolExecutor.runWorker(ThreadPoolExecutor.java:1128)
	at java.base/java.util.concurrent.ThreadPoolExecutor$Worker.run(ThreadPoolExecutor.java:628)
	at java.base/java.lang.Thread.run(Thread.java:834)

feb. 12, 2020 6:18:00 P. M. org.eclipse.lsp4j.jsonrpc.json.StreamMessageProducer fireError
SEVERE: Missing header Content-Length in input "{"jsonrpc":"2.0","method":"textDocument/willSave","params":{"textDocument":{"uri":"file:///C:/Users/fredd/Documents/projects/workspace-proyectos/workflow/workflow-spring/src/main/resources/application.properties"},"reason":1}}Content-Length: 193

"
java.lang.IllegalStateException: Missing header Content-Length in input "{"jsonrpc":"2.0","method":"textDocument/willSave","params":{"textDocument":{"uri":"file:///C:/Users/fredd/Documents/projects/workspace-proyectos/workflow/workflow-spring/src/main/resources/application.properties"},"reason":1}}Content-Length: 193

"
	at org.eclipse.lsp4j.jsonrpc.json.StreamMessageProducer.listen(StreamMessageProducer.java:91)
	at org.eclipse.lsp4j.jsonrpc.json.ConcurrentMessageProcessor.run(ConcurrentMessageProcessor.java:113)
	at java.base/java.util.concurrent.Executors$RunnableAdapter.call(Executors.java:515)
	at java.base/java.util.concurrent.FutureTask.run(FutureTask.java:264)
	at java.base/java.util.concurrent.ThreadPoolExecutor.runWorker(ThreadPoolExecutor.java:1128)
	at java.base/java.util.concurrent.ThreadPoolExecutor$Worker.run(ThreadPoolExecutor.java:628)
	at java.base/java.lang.Thread.run(Thread.java:834)

feb. 12, 2020 6:22:01 P. M. org.eclipse.lsp4j.jsonrpc.json.StreamMessageProducer fireError
SEVERE: Missing header Content-Length in input "{"jsonrpc":"2.0","method":"workspace/didChangeWatchedFiles","params":{"changes":[{"uri":"file:///C:/Users/fredd/Documents/projects/workspace-proyectos/workflow/.idea/workspace.xml","type":2}]}}Content-Length: 60

"
java.lang.IllegalStateException: Missing header Content-Length in input "{"jsonrpc":"2.0","method":"workspace/didChangeWatchedFiles","params":{"changes":[{"uri":"file:///C:/Users/fredd/Documents/projects/workspace-proyectos/workflow/.idea/workspace.xml","type":2}]}}Content-Length: 60

"
	at org.eclipse.lsp4j.jsonrpc.json.StreamMessageProducer.listen(StreamMessageProducer.java:91)
	at org.eclipse.lsp4j.jsonrpc.json.ConcurrentMessageProcessor.run(ConcurrentMessageProcessor.java:113)
	at java.base/java.util.concurrent.Executors$RunnableAdapter.call(Executors.java:515)
	at java.base/java.util.concurrent.FutureTask.run(FutureTask.java:264)
	at java.base/java.util.concurrent.ThreadPoolExecutor.runWorker(ThreadPoolExecutor.java:1128)
	at java.base/java.util.concurrent.ThreadPoolExecutor$Worker.run(ThreadPoolExecutor.java:628)
	at java.base/java.lang.Thread.run(Thread.java:834)

feb. 12, 2020 6:22:01 P. M. org.eclipse.lsp4j.jsonrpc.json.StreamMessageProducer fireError
SEVERE: Missing header Content-Length in input "{"jsonrpc":"2.0","id":"2","method":"shutdown","params":null}Content-Length: 215

"
java.lang.IllegalStateException: Missing header Content-Length in input "{"jsonrpc":"2.0","id":"2","method":"shutdown","params":null}Content-Length: 215

"
	at org.eclipse.lsp4j.jsonrpc.json.StreamMessageProducer.listen(StreamMessageProducer.java:91)
	at org.eclipse.lsp4j.jsonrpc.json.ConcurrentMessageProcessor.run(ConcurrentMessageProcessor.java:113)
	at java.base/java.util.concurrent.Executors$RunnableAdapter.call(Executors.java:515)
	at java.base/java.util.concurrent.FutureTask.run(FutureTask.java:264)
	at java.base/java.util.concurrent.ThreadPoolExecutor.runWorker(ThreadPoolExecutor.java:1128)
	at java.base/java.util.concurrent.ThreadPoolExecutor$Worker.run(ThreadPoolExecutor.java:628)
	at java.base/java.lang.Thread.run(Thread.java:834)

feb. 12, 2020 6:22:01 P. M. org.eclipse.lsp4j.jsonrpc.json.StreamMessageProducer fireError
SEVERE: Missing header Content-Length in input "{"jsonrpc":"2.0","method":"textDocument/didClose","params":{"textDocument":{"uri":"file:///C:/Users/fredd/Documents/projects/workspace-proyectos/workflow/workflow-spring/src/main/resources/application.properties"}}}Content-Length: 205

"
java.lang.IllegalStateException: Missing header Content-Length in input "{"jsonrpc":"2.0","method":"textDocument/didClose","params":{"textDocument":{"uri":"file:///C:/Users/fredd/Documents/projects/workspace-proyectos/workflow/workflow-spring/src/main/resources/application.properties"}}}Content-Length: 205

"
	at org.eclipse.lsp4j.jsonrpc.json.StreamMessageProducer.listen(StreamMessageProducer.java:91)
	at org.eclipse.lsp4j.jsonrpc.json.ConcurrentMessageProcessor.run(ConcurrentMessageProcessor.java:113)
	at java.base/java.util.concurrent.Executors$RunnableAdapter.call(Executors.java:515)
	at java.base/java.util.concurrent.FutureTask.run(FutureTask.java:264)
	at java.base/java.util.concurrent.ThreadPoolExecutor.runWorker(ThreadPoolExecutor.java:1128)
	at java.base/java.util.concurrent.ThreadPoolExecutor$Worker.run(ThreadPoolExecutor.java:628)
	at java.base/java.lang.Thread.run(Thread.java:834)

feb. 12, 2020 6:22:05 P. M. org.eclipse.lsp4j.jsonrpc.json.StreamMessageProducer fireError
SEVERE: Missing header Content-Length in input "{"jsonrpc":"2.0","method":"workspace/didChangeWatchedFiles","params":{"changes":[{"uri":"file:///C:/Users/fredd/Documents/projects/workspace-proyectos/workflow/lsp/properties_err_20200212.log","type":2}]}}Content-Length: 193

"
java.lang.IllegalStateException: Missing header Content-Length in input "{"jsonrpc":"2.0","method":"workspace/didChangeWatchedFiles","params":{"changes":[{"uri":"file:///C:/Users/fredd/Documents/projects/workspace-proyectos/workflow/lsp/properties_err_20200212.log","type":2}]}}Content-Length: 193

"
	at org.eclipse.lsp4j.jsonrpc.json.StreamMessageProducer.listen(StreamMessageProducer.java:91)
	at org.eclipse.lsp4j.jsonrpc.json.ConcurrentMessageProcessor.run(ConcurrentMessageProcessor.java:113)
	at java.base/java.util.concurrent.Executors$RunnableAdapter.call(Executors.java:515)
	at java.base/java.util.concurrent.FutureTask.run(FutureTask.java:264)
	at java.base/java.util.concurrent.ThreadPoolExecutor.runWorker(ThreadPoolExecutor.java:1128)
	at java.base/java.util.concurrent.ThreadPoolExecutor$Worker.run(ThreadPoolExecutor.java:628)
	at java.base/java.lang.Thread.run(Thread.java:834)

